0 info it worked if it ends with ok
1 verbose cli [ '/Users/cyril_yu/.nvm/versions/node/v7.7.1/bin/node',
1 verbose cli   '/Users/cyril_yu/.nvm/versions/node/v7.7.1/bin/npm',
1 verbose cli   'start' ]
2 info using npm@4.1.2
3 info using node@v7.7.1
4 verbose run-script [ 'prestart', 'start', 'poststart' ]
5 info lifecycle reactathon-ot@1.0.0~prestart: reactathon-ot@1.0.0
6 silly lifecycle reactathon-ot@1.0.0~prestart: no script for prestart, continuing
7 info lifecycle reactathon-ot@1.0.0~start: reactathon-ot@1.0.0
8 verbose lifecycle reactathon-ot@1.0.0~start: unsafe-perm in lifecycle true
9 verbose lifecycle reactathon-ot@1.0.0~start: PATH: /Users/cyril_yu/.nvm/versions/node/v7.7.1/lib/node_modules/npm/bin/node-gyp-bin:/Users/cyril_yu/ca_project/hackathon/reactathon-ot/node_modules/.bin:/Users/cyril_yu/.gvm/pkgsets/go1.8/global/bin:/Users/cyril_yu/.gvm/gos/go1.8/bin:/Users/cyril_yu/.gvm/pkgsets/go1.8/global/overlay/bin:/Users/cyril_yu/.gvm/bin:/Users/cyril_yu/.gvm/bin:/Users/cyril_yu/.yarn/bin:/Users/cyril_yu/.nvm/versions/node/v7.7.1/bin:/Users/cyril_yu/.pyenv/shims:/Users/cyril_yu/.pyenv/bin:/Users/cyril_yu/.rbenv/shims:/usr/local/bin:/usr/bin:/bin:/usr/sbin:/sbin
10 verbose lifecycle reactathon-ot@1.0.0~start: CWD: /Users/cyril_yu/ca_project/hackathon/reactathon-ot
11 silly lifecycle reactathon-ot@1.0.0~start: Args: [ '-c', 'node server/server.js' ]
12 silly lifecycle reactathon-ot@1.0.0~start: Returned: code: 1  signal: null
13 info lifecycle reactathon-ot@1.0.0~start: Failed to exec start script
14 verbose stack Error: reactathon-ot@1.0.0 start: `node server/server.js`
14 verbose stack Exit status 1
14 verbose stack     at EventEmitter.<anonymous> (/Users/cyril_yu/.nvm/versions/node/v7.7.1/lib/node_modules/npm/lib/utils/lifecycle.js:279:16)
14 verbose stack     at emitTwo (events.js:106:13)
14 verbose stack     at EventEmitter.emit (events.js:194:7)
14 verbose stack     at ChildProcess.<anonymous> (/Users/cyril_yu/.nvm/versions/node/v7.7.1/lib/node_modules/npm/lib/utils/spawn.js:40:14)
14 verbose stack     at emitTwo (events.js:106:13)
14 verbose stack     at ChildProcess.emit (events.js:194:7)
14 verbose stack     at maybeClose (internal/child_process.js:899:16)
14 verbose stack     at Process.ChildProcess._handle.onexit (internal/child_process.js:226:5)
15 verbose pkgid reactathon-ot@1.0.0
16 verbose cwd /Users/cyril_yu/ca_project/hackathon/reactathon-ot
17 error Darwin 16.4.0
18 error argv "/Users/cyril_yu/.nvm/versions/node/v7.7.1/bin/node" "/Users/cyril_yu/.nvm/versions/node/v7.7.1/bin/npm" "start"
19 error node v7.7.1
20 error npm  v4.1.2
21 error code ELIFECYCLE
22 error reactathon-ot@1.0.0 start: `node server/server.js`
22 error Exit status 1
23 error Failed at the reactathon-ot@1.0.0 start script 'node server/server.js'.
23 error Make sure you have the latest version of node.js and npm installed.
23 error If you do, this is most likely a problem with the reactathon-ot package,
23 error not with npm itself.
23 error Tell the author that this fails on your system:
23 error     node server/server.js
23 error You can get information on how to open an issue for this project with:
23 error     npm bugs reactathon-ot
23 error Or if that isn't available, you can get their info via:
23 error     npm owner ls reactathon-ot
23 error There is likely additional logging output above.
24 verbose exit [ 1, true ]
